Build started 16/05/2016 11:42:00 AM.
     1>Project "E:\Programming\Projects\Complex Grapher\Complex Grapher\Complex Grapher.vcxproj" on node 2 (Build target(s)).
     1>ClCompile:
         E:\Program Files (x86)\Microsoft Visual Studio 14.0\VC\bin\x86_amd64\CL.exe /c /Zi /nologo /W3 /WX- /O2 /Oi /GL /D NDEBUG /D _CONSOLE /D SFML_STATIC /D GLEW_STATIC /D _UNICODE /D UNICODE /Gm- /EHsc /MD /GS /Gy /fp:precise /Zc:wchar_t /Zc:forScope /Zc:inline /Fo"x64\Release\\" /Fd"x64\Release\vc140.pdb" /Gd /TP /errorReport:prompt main.cpp
         main.cpp
       Link:
         E:\Program Files (x86)\Microsoft Visual Studio 14.0\VC\bin\x86_amd64\link.exe /ERRORREPORT:PROMPT /OUT:"E:\Programming\Projects\Complex Grapher\x64\Release\Complex Grapher.exe" /INCREMENTAL:NO /NOLOGO "sfml-graphics-s.lib" "sfml-window-s.lib" "sfml-system-s.lib" opengl32.lib freetype.lib jpeg.lib gdi32.lib winmm.lib glew32s.lib kernel32.lib user32.lib gdi32.lib winspool.lib comdlg32.lib advapi32.lib shell32.lib ole32.lib oleaut32.lib uuid.lib odbc32.lib odbccp32.lib /MANIFEST /MANIFESTUAC:"level='asInvoker' uiAccess='false'" /manifest:embed /Debug /PDB:"E:\Programming\Projects\Complex Grapher\x64\Release\Complex Grapher.pdb" /SUBSYSTEM:CONSOLE /OPT:REF /OPT:ICF /LTCG:incremental /TLBID:1 /DYNAMICBASE /NXCOMPAT /IMPLIB:"E:\Programming\Projects\Complex Grapher\x64\Release\Complex Grapher.lib" /MACHINE:X64 x64\Release\main.obj
         x64\Release\ComplexGraph.obj
         x64\Release\GLProgram.obj
         x64\Release\stdafx.obj
     1>LINK : warning LNK4098: defaultlib 'LIBCMT' conflicts with use of other libs; use /NODEFAULTLIB:library
         Generating code
         1 of 374 functions ( 0.3%) were compiled, the rest were copied from previous compilation.
           0 functions were new in current compilation
           0 functions had inline decision re-evaluated but remain unchanged
         Finished generating code
     1>glew32s.lib(glew.obj) : warning LNK4099: PDB 'vc120.pdb' was not found with 'glew32s.lib(glew.obj)' or at 'E:\Programming\Projects\Complex Grapher\x64\Release\vc120.pdb'; linking object as if no debug info
         Complex Grapher.vcxproj -> E:\Programming\Projects\Complex Grapher\x64\Release\Complex Grapher.exe
     1>Done Building Project "E:\Programming\Projects\Complex Grapher\Complex Grapher\Complex Grapher.vcxproj" (Build target(s)).

Build succeeded.

Time Elapsed 00:00:01.25
